{
  "stats": {
    "suites": 3,
    "tests": 4,
    "passes": 4,
    "pending": 0,
    "failures": 0,
    "start": "2022-08-04T00:11:08.972Z",
    "end": "2022-08-04T00:11:47.644Z",
    "duration": 38672,
    "testsRegistered": 4,
    "passPercent": 100,
    "pendingPercent": 0,
    "other": 0,
    "hasOther": false,
    "skipped": 0,
    "hasSkipped": false
  },
  "results": [
    {
      "uuid": "f3732937-4b74-4b27-858e-594be465f54f",
      "title": "",
      "fullFile": "",
      "file": "",
      "beforeHooks": [],
      "afterHooks": [],
      "tests": [],
      "suites": [
        {
          "uuid": "dc6b0966-a632-4d60-b2d3-2e588ae03b05",
          "title": "Login",
          "fullFile": "",
          "file": "",
          "beforeHooks": [
            {
              "title": "\"before all\" hook: codeceptjs.beforeSuite",
              "fullTitle": "Login \"before all\" hook: codeceptjs.beforeSuite",
              "timedOut": false,
              "duration": 1,
              "state": null,
              "speed": null,
              "pass": false,
              "fail": false,
              "pending": false,
              "context": null,
              "code": "scenario.suiteSetup(suite)",
              "err": {},
              "uuid": "09fc023d-e280-4620-931f-a812008bb707",
              "parentUUID": "dc6b0966-a632-4d60-b2d3-2e588ae03b05",
              "isHook": true,
              "skipped": false
            },
            {
              "title": "\"before each\" hook: codeceptjs.before",
              "fullTitle": "Login \"before each\" hook: codeceptjs.before",
              "timedOut": false,
              "duration": 3893,
              "state": null,
              "speed": null,
              "pass": false,
              "fail": false,
              "pending": false,
              "context": null,
              "code": "scenario.setup(suite)",
              "err": {},
              "uuid": "5d35460b-815b-4a11-84e4-7bcdf4af1005",
              "parentUUID": "dc6b0966-a632-4d60-b2d3-2e588ae03b05",
              "isHook": true,
              "skipped": false
            }
          ],
          "afterHooks": [
            {
              "title": "\"after all\" hook: codeceptjs.afterSuite",
              "fullTitle": "Login \"after all\" hook: codeceptjs.afterSuite",
              "timedOut": false,
              "duration": 0,
              "state": null,
              "speed": null,
              "pass": false,
              "fail": false,
              "pending": false,
              "context": null,
              "code": "scenario.suiteTeardown(suite)",
              "err": {},
              "uuid": "eeba6d16-26d4-4567-a1f0-deec4b10cdc8",
              "parentUUID": "dc6b0966-a632-4d60-b2d3-2e588ae03b05",
              "isHook": true,
              "skipped": false
            },
            {
              "title": "\"after each\" hook: codeceptjs.after",
              "fullTitle": "Login \"after each\" hook: codeceptjs.after",
              "timedOut": false,
              "duration": 110,
              "state": null,
              "speed": null,
              "pass": false,
              "fail": false,
              "pending": false,
              "context": null,
              "code": "scenario.teardown(suite)",
              "err": {},
              "uuid": "a6f98037-df14-4c86-a888-8ad3f58ecbba",
              "parentUUID": "dc6b0966-a632-4d60-b2d3-2e588ae03b05",
              "isHook": true,
              "skipped": false
            }
          ],
          "tests": [
            {
              "title": "Login com sucesso",
              "fullTitle": "Login Login com sucesso",
              "timedOut": false,
              "duration": 5701,
              "state": "passed",
              "speed": "slow",
              "pass": true,
              "fail": false,
              "pending": false,
              "context": null,
              "code": "runSteps(child.steps)",
              "err": {},
              "uuid": "ba70321e-a3bf-4862-bd92-c4ddefc7901d",
              "parentUUID": "dc6b0966-a632-4d60-b2d3-2e588ae03b05",
              "isHook": false,
              "skipped": false
            }
          ],
          "suites": [],
          "passes": [
            "ba70321e-a3bf-4862-bd92-c4ddefc7901d"
          ],
          "failures": [],
          "pending": [],
          "skipped": [],
          "duration": 5701,
          "root": false,
          "rootEmpty": false,
          "_timeout": 0
        },
        {
          "uuid": "710d1ade-fb30-4a24-935f-0793c2e7440d",
          "title": "login",
          "fullFile": "C:\\Users\\mateu\\source\\repos\\curso_appium\\steps\\login_test.js",
          "file": "\\steps\\login_test.js",
          "beforeHooks": [
            {
              "title": "\"before all\" hook: codeceptjs.beforeSuite",
              "fullTitle": "login \"before all\" hook: codeceptjs.beforeSuite",
              "timedOut": false,
              "duration": 1,
              "state": null,
              "speed": null,
              "pass": false,
              "fail": false,
              "pending": false,
              "context": null,
              "code": "scenario.suiteSetup(suite)",
              "err": {},
              "uuid": "a062fe3f-e3cf-461b-86be-86bc572229ab",
              "parentUUID": "710d1ade-fb30-4a24-935f-0793c2e7440d",
              "isHook": true,
              "skipped": false
            },
            {
              "title": "\"before all\" hook: BeforeSuite",
              "fullTitle": "login \"before all\" hook: BeforeSuite",
              "timedOut": false,
              "duration": 0,
              "state": null,
              "speed": null,
              "pass": false,
              "fail": false,
              "pending": false,
              "context": null,
              "code": "console.log('Mateus')",
              "err": {},
              "uuid": "c45573cb-2f51-4b3a-b125-b0c71cceb0cf",
              "parentUUID": "710d1ade-fb30-4a24-935f-0793c2e7440d",
              "isHook": true,
              "skipped": false
            },
            {
              "title": "\"before each\" hook: codeceptjs.before",
              "fullTitle": "login \"before each\" hook: codeceptjs.before",
              "timedOut": false,
              "duration": 3628,
              "state": null,
              "speed": null,
              "pass": false,
              "fail": false,
              "pending": false,
              "context": null,
              "code": "scenario.setup(suite)",
              "err": {},
              "uuid": "ce83cd62-5c0c-48af-82b0-3a0424606fdb",
              "parentUUID": "710d1ade-fb30-4a24-935f-0793c2e7440d",
              "isHook": true,
              "skipped": false
            },
            {
              "title": "\"before each\" hook: Before",
              "fullTitle": "login \"before each\" hook: Before",
              "timedOut": false,
              "duration": 1,
              "state": null,
              "speed": null,
              "pass": false,
              "fail": false,
              "pending": false,
              "context": null,
              "code": "console.log('Mateus')",
              "err": {},
              "uuid": "39e3c402-c46d-4bff-b6a3-532fa8533809",
              "parentUUID": "710d1ade-fb30-4a24-935f-0793c2e7440d",
              "isHook": true,
              "skipped": false
            }
          ],
          "afterHooks": [
            {
              "title": "\"after all\" hook: AfterSuite",
              "fullTitle": "login \"after all\" hook: AfterSuite",
              "timedOut": false,
              "duration": 0,
              "state": null,
              "speed": null,
              "pass": false,
              "fail": false,
              "pending": false,
              "context": null,
              "code": "console.log('Winck')",
              "err": {},
              "uuid": "b70f61df-1994-40ac-a90c-039cdbec0b96",
              "parentUUID": "710d1ade-fb30-4a24-935f-0793c2e7440d",
              "isHook": true,
              "skipped": false
            },
            {
              "title": "\"after all\" hook: codeceptjs.afterSuite",
              "fullTitle": "login \"after all\" hook: codeceptjs.afterSuite",
              "timedOut": false,
              "duration": 0,
              "state": null,
              "speed": null,
              "pass": false,
              "fail": false,
              "pending": false,
              "context": null,
              "code": "scenario.suiteTeardown(suite)",
              "err": {},
              "uuid": "ae8a11ee-3997-4e6b-bacd-6c44f9e4110f",
              "parentUUID": "710d1ade-fb30-4a24-935f-0793c2e7440d",
              "isHook": true,
              "skipped": false
            },
            {
              "title": "\"after each\" hook: After",
              "fullTitle": "login \"after each\" hook: After",
              "timedOut": false,
              "duration": 0,
              "state": null,
              "speed": null,
              "pass": false,
              "fail": false,
              "pending": false,
              "context": null,
              "code": "console.log('Winck')",
              "err": {},
              "uuid": "847dd281-815e-4363-9b1a-82f7e9ce927f",
              "parentUUID": "710d1ade-fb30-4a24-935f-0793c2e7440d",
              "isHook": true,
              "skipped": false
            },
            {
              "title": "\"after each\" hook: finalize codeceptjs",
              "fullTitle": "login \"after each\" hook: finalize codeceptjs",
              "timedOut": false,
              "duration": 108,
              "state": null,
              "speed": null,
              "pass": false,
              "fail": false,
              "pending": false,
              "context": null,
              "code": "scenario.teardown(suite)",
              "err": {},
              "uuid": "2b9381f4-fa11-4323-ba03-e354b45d9ecb",
              "parentUUID": "710d1ade-fb30-4a24-935f-0793c2e7440d",
              "isHook": true,
              "skipped": false
            }
          ],
          "tests": [
            {
              "title": "Login whit success",
              "fullTitle": "login: Login whit success",
              "timedOut": false,
              "duration": 4647,
              "state": "passed",
              "speed": "slow",
              "pass": true,
              "fail": false,
              "pending": false,
              "context": null,
              "code": "login_page.doLogin('teste@teste.com', '123456')\nhome_page.checkLoginSuccess()",
              "err": {},
              "uuid": "165da3f1-5c8e-4620-98c7-effc417e72d2",
              "parentUUID": "710d1ade-fb30-4a24-935f-0793c2e7440d",
              "isHook": false,
              "skipped": false
            },
            {
              "title": "Login fail",
              "fullTitle": "login: Login fail",
              "timedOut": false,
              "duration": 4645,
              "state": "passed",
              "speed": "slow",
              "pass": true,
              "fail": false,
              "pending": false,
              "context": null,
              "code": "login_page.doLogin('xxx', '123456')\n    login_page.checkLoginError()",
              "err": {},
              "uuid": "66ee2705-be86-4a91-976f-8093a1eef542",
              "parentUUID": "710d1ade-fb30-4a24-935f-0793c2e7440d",
              "isHook": false,
              "skipped": false
            }
          ],
          "suites": [],
          "passes": [
            "165da3f1-5c8e-4620-98c7-effc417e72d2",
            "66ee2705-be86-4a91-976f-8093a1eef542"
          ],
          "failures": [],
          "pending": [],
          "skipped": [],
          "duration": 9292,
          "root": false,
          "rootEmpty": false,
          "_timeout": 0
        },
        {
          "uuid": "1eebfb3e-4b9e-4a50-af77-ee7c1b10e75a",
          "title": "students",
          "fullFile": "C:\\Users\\mateu\\source\\repos\\curso_appium\\steps\\students_test.js",
          "file": "\\steps\\students_test.js",
          "beforeHooks": [
            {
              "title": "\"before all\" hook: codeceptjs.beforeSuite",
              "fullTitle": "students \"before all\" hook: codeceptjs.beforeSuite",
              "timedOut": false,
              "duration": 0,
              "state": null,
              "speed": null,
              "pass": false,
              "fail": false,
              "pending": false,
              "context": null,
              "code": "scenario.suiteSetup(suite)",
              "err": {},
              "uuid": "bceb99d0-10ef-456a-b14f-2148b847d0bb",
              "parentUUID": "1eebfb3e-4b9e-4a50-af77-ee7c1b10e75a",
              "isHook": true,
              "skipped": false
            },
            {
              "title": "\"before each\" hook: codeceptjs.before",
              "fullTitle": "students \"before each\" hook: codeceptjs.before",
              "timedOut": false,
              "duration": 3589,
              "state": null,
              "speed": null,
              "pass": false,
              "fail": false,
              "pending": false,
              "context": null,
              "code": "scenario.setup(suite)",
              "err": {},
              "uuid": "424b9834-37b3-4fed-b70e-2db14e019a57",
              "parentUUID": "1eebfb3e-4b9e-4a50-af77-ee7c1b10e75a",
              "isHook": true,
              "skipped": false
            }
          ],
          "afterHooks": [
            {
              "title": "\"after all\" hook: codeceptjs.afterSuite",
              "fullTitle": "students \"after all\" hook: codeceptjs.afterSuite",
              "timedOut": false,
              "duration": 0,
              "state": null,
              "speed": null,
              "pass": false,
              "fail": false,
              "pending": false,
              "context": null,
              "code": "scenario.suiteTeardown(suite)",
              "err": {},
              "uuid": "a22ae2da-2bfb-40ab-89dc-d5fa548e4262",
              "parentUUID": "1eebfb3e-4b9e-4a50-af77-ee7c1b10e75a",
              "isHook": true,
              "skipped": false
            },
            {
              "title": "\"after each\" hook: finalize codeceptjs",
              "fullTitle": "students \"after each\" hook: finalize codeceptjs",
              "timedOut": false,
              "duration": 106,
              "state": null,
              "speed": null,
              "pass": false,
              "fail": false,
              "pending": false,
              "context": null,
              "code": "scenario.teardown(suite)",
              "err": {},
              "uuid": "ebf98323-7165-4d18-be7b-454cad1eb4f8",
              "parentUUID": "1eebfb3e-4b9e-4a50-af77-ee7c1b10e75a",
              "isHook": true,
              "skipped": false
            }
          ],
          "tests": [
            {
              "title": "Add student whit success",
              "fullTitle": "students: Add student whit success",
              "timedOut": false,
              "duration": 8460,
              "state": "passed",
              "speed": "slow",
              "pass": true,
              "fail": false,
              "pending": false,
              "context": null,
              "code": "const code = '11223'\n    const name = 'Caetano Veloso'\n    login_page.doLogin('teste@teste.com', '123456')\n    home_page.registerStudent(code, name)\n    home_page.searchStudent(name, code)",
              "err": {},
              "uuid": "657f4815-9e36-493d-8749-8c6d0ea32a3d",
              "parentUUID": "1eebfb3e-4b9e-4a50-af77-ee7c1b10e75a",
              "isHook": false,
              "skipped": false
            }
          ],
          "suites": [],
          "passes": [
            "657f4815-9e36-493d-8749-8c6d0ea32a3d"
          ],
          "failures": [],
          "pending": [],
          "skipped": [],
          "duration": 8460,
          "root": false,
          "rootEmpty": false,
          "_timeout": 0
        }
      ],
      "passes": [],
      "failures": [],
      "pending": [],
      "skipped": [],
      "duration": 0,
      "root": true,
      "rootEmpty": true,
      "_timeout": 0
    }
  ],
  "meta": {
    "mocha": {
      "version": "10.0.0"
    },
    "mochawesome": {
      "options": {
        "quiet": false,
        "reportFilename": "mochawesome",
        "saveHtml": true,
        "saveJson": true,
        "consoleReporter": "spec",
        "useInlineDiffs": false,
        "code": true
      },
      "version": "7.1.3"
    },
    "marge": {
      "options": {},
      "version": "6.2.0"
    }
  }
}